SF:lib/controllers/example_diagram_controller.dart
DA:25,1
DA:27,1
DA:28,1
DA:32,1
DA:35,1
DA:36,4
DA:39,1
DA:40,1
DA:41,1
DA:42,2
DA:44,4
DA:45,1
DA:50,1
DA:51,2
DA:53,3
DA:54,2
DA:57,0
DA:58,0
DA:62,0
DA:63,0
DA:65,0
DA:66,0
DA:69,0
DA:70,0
DA:71,0
DA:72,0
DA:77,0
DA:78,0
DA:80,0
DA:81,0
DA:82,0
DA:85,0
DA:86,0
DA:90,1
DA:92,3
DA:96,0
DA:98,0
DA:102,1
DA:103,1
DA:104,4
DA:105,4
DA:107,1
DA:109,3
DA:114,1
DA:116,3
DA:117,1
DA:120,0
DA:122,0
DA:123,0
DA:126,0
DA:128,0
DA:129,0
DA:133,0
DA:134,0
DA:139,1
DA:140,1
DA:141,3
DA:142,4
DA:143,0
DA:144,0
DA:147,1
DA:149,1
DA:150,1
DA:152,3
DA:157,1
DA:162,1
DA:163,2
DA:165,0
DA:173,1
DA:174,4
DA:176,1
DA:179,3
DA:180,1
DA:181,1
DA:182,1
DA:184,1
DA:189,1
DA:193,3
DA:195,3
DA:196,4
DA:197,0
DA:198,0
DA:208,1
DA:209,1
DA:212,3
DA:213,1
DA:219,1
DA:222,3
DA:223,1
DA:224,1
DA:229,0
DA:235,0
DA:237,0
DA:242,0
DA:247,0
DA:252,0
DA:257,0
DA:262,0
DA:267,0
DA:272,0
DA:280,0
DA:282,0
DA:283,0
DA:284,0
DA:286,0
DA:288,0
DA:294,1
DA:295,2
DA:297,1
DA:298,2
DA:300,1
DA:301,1
DA:303,1
DA:309,1
DA:311,1
DA:312,3
DA:313,1
DA:314,1
DA:315,1
DA:316,1
DA:318,1
DA:325,1
DA:328,2
DA:329,2
DA:330,4
DA:331,4
DA:332,1
DA:333,1
DA:336,3
DA:344,1
DA:348,0
DA:355,0
DA:359,0
DA:363,1
DA:365,2
DA:366,2
LF:136
LH:85
end_of_record
SF:lib/cerchio_entity.dart
DA:10,1
DA:16,1
DA:17,1
DA:19,1
DA:20,1
DA:21,1
DA:22,2
DA:23,2
DA:26,0
DA:29,0
DA:30,0
DA:31,0
DA:32,0
DA:35,0
DA:36,0
DA:37,0
DA:38,0
DA:40,0
DA:43,0
DA:45,0
DA:46,0
DA:50,0
DA:51,0
DA:54,0
DA:55,0
DA:57,0
DA:59,0
DA:60,0
DA:61,0
DA:62,0
DA:64,0
DA:65,0
LF:32
LH:8
end_of_record
SF:lib/cerchio_model.dart
DA:10,1
DA:14,1
DA:15,1
DA:17,0
DA:18,0
LF:5
LH:3
end_of_record
