SF:lib/controllers/example_diagram_controller.dart
DA:32,4
DA:34,4
DA:35,4
DA:39,4
DA:43,1
DA:44,1
DA:47,4
DA:48,16
DA:51,4
DA:52,4
DA:53,1
DA:54,2
DA:56,4
DA:57,1
DA:62,3
DA:63,6
DA:65,6
DA:67,2
DA:68,8
DA:69,4
DA:72,3
DA:73,1
DA:77,2
DA:78,2
DA:82,1
DA:84,2
DA:87,1
DA:88,1
DA:89,1
DA:91,1
DA:92,1
DA:95,2
DA:96,1
DA:102,2
DA:104,0
DA:105,0
DA:106,0
DA:107,0
DA:110,0
DA:111,0
DA:115,0
DA:116,0
DA:118,0
DA:119,0
DA:120,0
DA:121,0
DA:123,0
DA:125,0
DA:126,0
DA:127,0
DA:133,1
DA:134,1
DA:135,1
DA:136,3
DA:141,2
DA:142,2
DA:144,1
DA:145,1
DA:146,1
DA:147,1
DA:148,1
DA:149,0
DA:150,0
DA:154,3
DA:155,1
DA:159,1
DA:161,3
DA:165,0
DA:167,0
DA:171,1
DA:172,1
DA:173,4
DA:174,4
DA:176,1
DA:178,3
DA:183,1
DA:185,3
DA:186,1
DA:189,0
DA:191,0
DA:192,0
DA:195,0
DA:197,0
DA:198,0
DA:201,1
DA:210,3
DA:215,1
DA:225,3
DA:229,1
DA:235,2
DA:237,2
DA:247,4
DA:249,6
DA:250,4
DA:253,2
DA:254,2
DA:255,1
DA:257,1
DA:258,1
DA:261,2
DA:262,6
DA:263,2
DA:267,0
DA:268,0
DA:273,2
DA:274,2
DA:275,6
DA:276,8
DA:277,0
DA:278,0
DA:281,2
DA:283,2
DA:284,2
DA:286,6
DA:291,2
DA:296,4
DA:297,8
DA:299,0
DA:307,4
DA:308,16
DA:310,4
DA:313,12
DA:314,4
DA:315,4
DA:316,4
DA:318,4
DA:323,4
DA:327,12
DA:329,12
DA:330,16
DA:331,0
DA:332,0
DA:342,4
DA:343,4
DA:346,12
DA:347,4
DA:353,2
DA:356,6
DA:357,2
DA:358,2
DA:363,0
DA:369,0
DA:371,0
DA:376,0
DA:381,0
DA:386,0
DA:391,0
DA:396,0
DA:401,0
DA:406,0
DA:414,0
DA:416,0
DA:417,0
DA:418,0
DA:420,0
DA:422,0
DA:428,4
DA:429,8
DA:431,4
DA:432,8
DA:434,4
DA:435,4
DA:437,3
DA:438,3
DA:440,4
DA:442,4
DA:443,12
DA:444,4
DA:445,4
DA:446,4
DA:447,4
DA:449,4
DA:456,4
DA:459,8
DA:460,8
DA:461,16
DA:462,16
DA:463,4
DA:464,4
DA:467,12
DA:475,2
DA:479,1
DA:486,0
DA:490,0
DA:494,2
DA:496,4
DA:497,4
LF:187
LH:136
end_of_record
SF:lib/cerchio_entity.dart
DA:10,4
DA:16,2
DA:17,2
DA:19,1
DA:20,1
DA:21,1
DA:22,2
DA:23,2
DA:26,2
DA:29,2
DA:30,4
DA:31,2
DA:32,2
DA:35,2
DA:36,2
DA:37,2
DA:38,2
DA:40,2
DA:43,1
DA:45,3
DA:46,2
DA:50,0
DA:51,0
DA:54,0
DA:55,0
DA:57,0
DA:59,0
DA:60,0
DA:61,0
DA:62,0
DA:64,0
DA:65,0
LF:32
LH:21
end_of_record
SF:lib/cerchio_model.dart
DA:10,4
DA:14,4
DA:15,4
DA:17,0
DA:18,0
LF:5
LH:3
end_of_record
