SF:lib/interfaces/diagram_object_entity.dart
DA:104,0
DA:105,0
DA:134,0
DA:137,0
DA:144,0
DA:150,2
DA:159,1
DA:160,2
DA:167,4
DA:173,1
LF:10
LH:5
end_of_record
SF:lib/events/transform_2d.dart
DA:39,6
DA:58,0
DA:60,0
DA:63,0
DA:66,0
DA:68,0
DA:79,4
DA:80,4
DA:81,20
DA:82,8
DA:83,8
DA:93,0
DA:94,0
DA:95,0
DA:96,0
DA:98,0
DA:109,0
DA:110,0
DA:111,0
DA:121,0
DA:122,0
DA:123,0
DA:124,0
DA:125,0
DA:134,2
DA:135,2
DA:136,2
DA:137,2
DA:138,6
DA:139,2
DA:140,6
DA:151,0
DA:152,0
DA:157,0
DA:158,0
DA:160,0
DA:161,0
DA:162,0
DA:163,0
DA:171,0
DA:172,0
DA:173,0
LF:42
LH:13
end_of_record
SF:lib/diagram_viewer.dart
DA:64,4
DA:69,4
DA:71,4
DA:72,4
DA:99,4
DA:101,4
DA:104,12
DA:107,8
DA:108,8
DA:112,8
DA:113,8
DA:118,4
DA:119,20
DA:122,16
DA:123,16
DA:124,16
DA:127,4
DA:129,8
DA:130,8
DA:131,8
DA:132,4
DA:135,4
DA:137,4
DA:138,4
DA:139,4
DA:140,4
DA:141,4
DA:142,4
DA:143,4
DA:144,4
DA:145,4
DA:146,4
DA:147,4
DA:148,4
DA:149,4
DA:150,8
DA:152,12
DA:160,2
DA:161,4
DA:162,4
DA:164,2
DA:169,8
DA:173,0
DA:174,0
DA:176,0
DA:177,0
DA:179,0
DA:185,0
DA:189,2
DA:190,2
DA:195,8
DA:197,2
DA:201,0
DA:202,0
DA:207,0
DA:209,0
DA:213,2
DA:218,6
DA:219,6
DA:220,4
DA:222,2
DA:223,2
DA:225,2
DA:226,2
DA:236,2
DA:237,4
DA:240,2
DA:241,6
DA:242,2
DA:243,6
DA:245,2
DA:250,6
DA:252,6
DA:257,0
DA:258,0
DA:259,0
DA:260,0
DA:261,0
DA:263,0
DA:268,1
DA:269,1
DA:270,0
DA:272,0
DA:274,0
DA:275,0
DA:276,0
DA:279,1
DA:280,2
DA:281,1
DA:282,1
DA:285,0
DA:286,0
DA:288,0
DA:289,0
DA:291,0
DA:292,0
DA:298,0
DA:304,0
DA:306,0
DA:307,0
DA:313,0
DA:318,0
DA:319,0
DA:323,2
DA:324,6
DA:334,2
DA:336,2
DA:338,3
DA:339,1
DA:340,1
DA:341,1
DA:342,0
DA:347,2
DA:361,4
DA:369,4
DA:372,4
DA:373,16
DA:376,4
DA:379,4
DA:382,4
DA:383,0
DA:386,4
DA:390,4
DA:391,4
DA:392,12
DA:393,4
DA:395,8
DA:399,4
DA:401,8
DA:402,12
DA:404,8
DA:405,4
DA:406,8
DA:412,0
DA:413,0
DA:414,0
DA:415,0
DA:416,0
DA:419,0
DA:422,0
DA:423,0
DA:424,0
DA:425,0
DA:426,0
DA:428,0
DA:432,1
LF:146
LH:98
end_of_record
SF:lib/events/border_proximity.dart
DA:32,6
DA:74,0
DA:75,0
DA:78,0
DA:81,0
DA:84,0
DA:86,0
DA:87,0
DA:88,0
DA:89,0
DA:94,0
DA:99,0
DA:100,0
DA:106,0
DA:107,0
DA:110,0
DA:111,0
DA:114,0
DA:115,0
DA:118,0
DA:119,0
DA:130,0
DA:131,0
DA:132,0
DA:136,0
DA:139,0
DA:140,0
DA:143,0
DA:144,0
LF:29
LH:1
end_of_record
SF:lib/events/diagram_command.dart
DA:50,7
DA:123,0
DA:126,0
DA:129,0
DA:132,0
DA:135,0
DA:138,0
DA:141,0
DA:142,0
DA:145,0
DA:148,0
DA:151,0
DA:152,0
DA:153,0
DA:154,0
DA:155,0
DA:156,0
DA:157,0
DA:158,0
DA:159,0
DA:160,0
DA:161,0
DA:162,0
LF:23
LH:1
end_of_record
SF:lib/events/physical_event.dart
DA:79,3
DA:164,2
DA:167,0
DA:170,0
DA:173,0
DA:174,0
DA:175,0
DA:178,0
DA:181,0
DA:187,0
DA:188,0
DA:189,0
DA:192,0
DA:195,0
DA:201,0
DA:202,0
DA:203,0
DA:206,0
DA:209,0
DA:215,0
DA:216,0
DA:217,0
DA:220,0
DA:223,0
DA:229,0
DA:232,0
DA:233,0
LF:27
LH:2
end_of_record
