SF:lib/tools/transform2d/transform2d_utils.dart
DA:44,6
DA:50,6
DA:51,6
DA:56,6
DA:57,6
DA:63,12
DA:64,12
DA:67,12
DA:68,0
DA:70,18
DA:71,8
DA:75,12
DA:76,0
DA:78,18
DA:79,8
DA:82,6
DA:83,6
DA:84,6
DA:85,6
DA:102,31
DA:113,124
DA:115,4
DA:116,4
DA:119,4
DA:123,4
DA:125,4
DA:126,4
DA:129,4
DA:138,31
DA:154,29
DA:155,22
DA:160,2
DA:161,2
DA:163,3
DA:164,3
DA:168,11
DA:172,31
DA:173,31
DA:176,31
DA:181,31
DA:183,31
DA:184,31
DA:189,28
DA:196,29
DA:204,15
DA:206,15
DA:207,10
DA:208,10
DA:213,2
DA:218,2
DA:226,1
DA:236,4
DA:254,30
DA:260,90
DA:261,90
DA:263,60
DA:264,60
DA:267,60
DA:268,66
DA:270,110
DA:274,60
DA:275,66
DA:277,110
DA:280,30
DA:281,30
DA:282,30
DA:283,30
DA:297,31
DA:304,93
DA:305,93
DA:308,62
DA:309,62
DA:311,31
DA:312,31
DA:317,31
DA:318,31
DA:324,62
DA:325,62
DA:330,32
DA:331,3
DA:333,48
DA:334,0
DA:338,66
DA:339,110
DA:342,8
DA:343,8
DA:344,8
DA:345,8
DA:355,32
DA:356,3
DA:358,48
DA:359,2
DA:363,66
DA:364,110
DA:367,8
DA:368,8
DA:369,8
DA:370,8
DA:377,31
DA:378,31
DA:379,31
DA:380,31
DA:392,31
DA:396,31
DA:397,93
DA:398,93
DA:406,0
DA:410,0
DA:411,0
DA:412,0
DA:425,0
DA:430,0
DA:435,0
DA:441,0
DA:443,0
DA:458,0
DA:464,0
DA:468,0
DA:469,0
DA:472,0
DA:473,0
DA:474,0
DA:477,0
DA:478,0
DA:479,0
DA:481,0
DA:484,0
DA:491,0
DA:492,0
DA:493,0
DA:494,0
DA:507,0
DA:508,0
DA:509,0
DA:517,0
DA:518,0
DA:519,0
DA:522,0
DA:532,0
DA:533,0
DA:534,0
DA:535,0
DA:536,0
DA:549,31
DA:554,31
DA:559,62
DA:572,31
DA:578,31
DA:583,31
DA:584,93
DA:585,93
DA:594,0
DA:598,0
DA:599,0
DA:600,0
DA:601,0
DA:602,0
DA:615,0
DA:620,0
DA:624,0
DA:638,0
DA:643,0
DA:644,0
DA:645,0
DA:646,0
DA:649,0
DA:650,0
DA:651,0
DA:652,0
DA:653,0
DA:654,0
DA:658,0
DA:659,0
DA:660,0
DA:661,0
DA:662,0
DA:663,0
DA:679,31
DA:684,31
DA:685,62
DA:686,62
DA:687,62
DA:688,62
DA:691,11
DA:698,0
DA:708,0
DA:710,0
DA:719,0
DA:721,0
DA:730,0
DA:731,0
DA:736,0
DA:746,0
DA:748,0
DA:757,0
DA:759,0
DA:768,0
DA:769,0
DA:774,0
DA:779,0
DA:785,0
DA:786,0
LF:202
LH:118
end_of_record
SF:lib/interfaces/diagram_object_entity.dart
DA:129,0
DA:135,0
DA:141,8
DA:150,6
DA:151,12
DA:158,9
DA:164,6
LF:7
LH:5
end_of_record
SF:lib/events/border_proximity.dart
DA:32,39
DA:74,0
DA:75,0
DA:78,0
DA:81,0
DA:84,0
DA:86,0
DA:87,0
DA:88,0
DA:89,0
DA:94,0
DA:99,0
DA:100,0
DA:106,0
DA:107,0
DA:110,0
DA:111,0
DA:114,0
DA:115,0
DA:118,0
DA:119,0
DA:130,0
DA:131,0
DA:132,0
DA:136,0
DA:139,0
DA:140,0
DA:143,0
DA:144,0
LF:29
LH:1
end_of_record
SF:lib/events/diagram_command.dart
DA:50,32
DA:123,0
DA:126,0
DA:129,0
DA:132,0
DA:135,0
DA:138,0
DA:141,0
DA:142,0
DA:145,0
DA:148,0
DA:151,0
DA:152,0
DA:153,0
DA:154,0
DA:155,0
DA:156,0
DA:157,0
DA:158,0
DA:159,0
DA:160,0
DA:161,0
DA:162,0
LF:23
LH:1
end_of_record
SF:lib/events/physical_event.dart
DA:91,15
DA:188,0
DA:191,0
DA:194,0
DA:197,0
DA:198,0
DA:212,0
DA:226,0
DA:232,0
DA:233,0
DA:234,0
DA:248,0
DA:262,0
DA:268,0
DA:269,0
DA:283,0
DA:297,0
DA:299,0
DA:303,0
DA:304,0
DA:318,0
DA:332,0
DA:338,0
DA:341,0
DA:342,0
LF:25
LH:1
end_of_record
SF:lib/events/transform_2d.dart
DA:39,217
DA:58,1
DA:60,3
DA:63,8
DA:66,3
DA:68,1
DA:79,29
DA:80,29
DA:81,145
DA:82,58
DA:83,58
DA:93,6
DA:94,12
DA:99,36
DA:101,12
DA:112,5
DA:113,10
DA:114,10
DA:124,3
DA:125,3
DA:126,9
DA:127,3
DA:128,9
DA:137,13
DA:138,13
DA:139,13
DA:140,13
DA:141,39
DA:142,13
DA:143,39
DA:154,1
DA:155,6
DA:160,1
DA:161,1
DA:163,1
DA:164,1
DA:165,1
DA:166,1
DA:174,0
DA:175,0
DA:176,0
LF:41
LH:38
end_of_record
SF:lib/events/diagram_event.dart
DA:19,0
LF:1
LH:0
end_of_record
SF:lib/events/diagram_event_translator.dart
DA:19,10
DA:20,10
DA:21,10
DA:22,10
DA:23,0
DA:25,0
DA:39,10
DA:55,10
DA:57,3
DA:67,10
DA:68,10
DA:70,19
DA:73,10
DA:74,10
DA:87,9
DA:88,3
DA:99,9
DA:100,9
DA:115,0
DA:130,0
DA:133,0
DA:134,0
DA:144,0
DA:145,0
DA:157,0
DA:158,0
DA:171,3
DA:181,3
DA:182,3
DA:187,3
DA:189,3
DA:191,12
DA:204,10
DA:217,30
DA:218,10
DA:228,1
DA:229,1
DA:236,1
DA:244,10
DA:245,10
DA:252,10
DA:262,3
DA:272,6
DA:277,9
DA:278,6
DA:281,3
DA:282,3
DA:283,3
DA:290,3
DA:294,3
DA:303,9
DA:314,18
DA:319,27
DA:320,18
DA:323,18
DA:326,9
DA:328,3
DA:329,3
DA:336,3
DA:339,3
DA:345,7
DA:346,7
DA:353,7
DA:358,7
DA:365,0
DA:375,0
DA:376,0
DA:380,0
DA:384,0
DA:386,0
DA:387,0
DA:394,0
DA:402,0
DA:413,0
DA:416,0
DA:418,0
DA:419,0
DA:426,0
DA:436,0
DA:445,0
DA:448,0
DA:451,0
DA:453,0
DA:454,0
DA:461,0
DA:471,2
DA:480,6
DA:481,6
DA:486,2
DA:489,4
DA:493,8
DA:496,2
DA:497,2
DA:501,4
DA:504,6
DA:505,10
DA:507,2
DA:508,4
DA:510,2
DA:511,2
DA:518,2
DA:521,2
DA:524,4
DA:532,10
DA:533,10
DA:534,20
DA:536,0
DA:539,9
DA:540,18
DA:541,9
DA:542,27
DA:543,27
DA:547,2
DA:548,6
DA:551,0
DA:553,0
DA:554,0
DA:555,0
DA:557,0
DA:558,0
DA:561,2
DA:562,4
DA:563,10
DA:566,0
DA:573,9
DA:574,9
DA:575,9
DA:576,9
DA:591,9
DA:592,7
DA:593,7
DA:605,10
DA:619,2
LF:133
LH:94
end_of_record
SF:lib/interfaces/moveable_node.dart
DA:60,2
DA:68,1
DA:69,1
DA:78,1
DA:79,2
DA:87,1
DA:88,1
LF:7
LH:7
end_of_record
SF:lib/widgets/diagram_viewer.dart
DA:25,17
DA:33,17
DA:34,17
DA:60,8
DA:69,8
DA:70,8
DA:76,17
DA:78,17
DA:79,34
DA:82,17
DA:84,34
DA:85,17
DA:88,17
DA:90,82
DA:91,17
DA:93,0
DA:95,51
DA:97,17
DA:98,17
DA:99,17
DA:100,17
DA:101,17
DA:104,17
DA:105,17
DA:106,17
DA:107,68
DA:113,17
DA:114,0
DA:120,17
DA:121,0
DA:127,17
DA:128,17
DA:129,51
DA:132,17
DA:133,17
DA:135,51
DA:136,17
DA:137,17
DA:138,17
DA:139,17
DA:147,17
DA:148,34
DA:150,34
DA:164,8
DA:166,8
DA:167,16
DA:170,8
DA:172,16
DA:173,8
DA:176,8
DA:178,34
DA:179,8
DA:180,0
DA:182,24
DA:184,8
DA:185,8
DA:186,8
DA:187,8
DA:188,8
DA:191,8
DA:192,8
DA:193,8
DA:194,32
DA:200,8
DA:201,32
DA:207,8
DA:208,32
DA:214,8
DA:215,8
DA:216,24
DA:219,8
DA:220,8
DA:222,24
DA:223,8
DA:224,8
DA:225,8
DA:226,8
DA:227,8
DA:230,16
DA:231,24
DA:234,8
DA:242,8
DA:243,16
DA:245,16
LF:84
LH:80
end_of_record
SF:lib/widgets/diagram_painter.dart
DA:13,27
DA:21,26
DA:24,26
DA:25,104
DA:28,26
DA:31,26
DA:34,26
DA:37,26
DA:38,5
DA:41,26
DA:44,26
DA:45,26
DA:46,52
DA:47,26
DA:49,26
DA:51,52
DA:52,52
DA:54,26
DA:57,26
DA:58,26
DA:59,26
DA:60,26
DA:62,52
DA:65,26
DA:66,52
DA:67,58
DA:69,35
DA:70,9
DA:71,9
DA:76,5
DA:77,5
DA:78,5
DA:79,5
DA:80,5
DA:82,10
DA:84,7
DA:85,2
DA:86,2
DA:87,2
DA:88,2
DA:90,4
DA:94,24
DA:96,72
DA:97,72
DA:98,51
DA:99,51
DA:100,51
DA:110,1
DA:111,1
DA:113,2
DA:114,3
DA:115,1
DA:119,1
DA:124,5
LF:54
LH:54
end_of_record
SF:lib/widgets/diagram_viewer_content.dart
DA:28,26
DA:35,26
DA:36,26
DA:49,26
DA:51,26
DA:53,78
DA:55,52
DA:56,26
DA:57,61
DA:59,18
DA:62,36
DA:67,141
DA:69,11
DA:70,3
DA:74,3
DA:76,2
DA:77,4
DA:79,4
DA:80,4
DA:83,2
DA:85,2
DA:87,2
DA:88,2
DA:90,6
DA:91,6
DA:96,4
DA:98,11
DA:100,22
DA:105,22
DA:106,22
DA:107,22
DA:108,22
DA:110,2
DA:113,11
DA:114,11
DA:115,11
DA:122,0
DA:124,0
DA:125,0
DA:126,0
DA:128,0
DA:132,0
DA:141,3
DA:142,6
DA:145,3
DA:146,1
DA:160,2
DA:164,1
DA:169,1
DA:173,2
DA:190,0
DA:193,0
DA:200,26
DA:202,26
DA:203,26
DA:204,26
DA:205,26
DA:207,26
DA:208,52
DA:212,26
DA:215,26
DA:216,78
DA:217,78
DA:218,26
DA:219,26
DA:220,26
DA:221,52
DA:222,0
DA:232,26
DA:235,0
DA:237,26
DA:238,26
DA:239,78
DA:244,26
DA:247,26
DA:248,26
DA:250,8
DA:251,26
DA:252,9
DA:254,18
DA:255,9
DA:257,3
DA:258,3
DA:259,18
DA:260,1
DA:261,1
DA:262,26
DA:263,9
DA:264,9
DA:265,3
DA:266,3
DA:267,18
DA:268,26
DA:269,26
DA:270,26
DA:271,78
DA:272,78
DA:273,52
DA:274,52
DA:288,9
DA:290,9
DA:291,9
DA:292,18
DA:296,54
DA:299,9
DA:303,9
DA:306,18
DA:310,9
DA:314,18
DA:317,18
DA:321,3
DA:323,3
DA:324,3
DA:325,6
DA:329,18
DA:332,3
DA:336,3
DA:339,6
DA:343,3
DA:347,6
DA:348,6
DA:349,3
DA:358,9
DA:359,9
DA:362,18
DA:364,9
DA:368,9
DA:369,9
DA:370,9
DA:371,36
DA:374,9
DA:378,1
DA:380,1
DA:381,1
DA:382,2
DA:386,6
DA:390,1
DA:394,1
DA:397,2
DA:398,3
DA:402,2
DA:408,4
DA:414,9
DA:416,9
DA:417,9
DA:418,18
DA:422,54
DA:425,9
DA:429,9
DA:432,27
DA:433,9
DA:434,0
DA:438,0
DA:444,3
DA:446,3
DA:447,3
DA:448,6
DA:452,18
DA:455,3
DA:459,3
DA:462,6
DA:463,0
DA:464,0
DA:470,0
DA:474,0
DA:482,9
DA:483,9
DA:486,18
DA:488,9
DA:492,9
DA:493,9
DA:494,9
DA:496,0
DA:497,0
DA:498,0
DA:499,0
DA:500,0
DA:502,0
DA:503,0
DA:508,0
DA:509,0
DA:510,0
DA:511,0
DA:512,0
DA:515,9
DA:519,4
DA:521,8
DA:522,0
DA:525,4
DA:526,12
DA:528,4
DA:529,8
DA:530,8
DA:532,4
DA:533,12
DA:535,4
DA:536,8
DA:537,8
DA:543,10
DA:545,10
DA:546,10
DA:548,35
DA:549,5
DA:550,5
DA:551,5
DA:552,0
DA:553,0
DA:563,10
DA:567,26
DA:569,52
DA:570,52
DA:571,52
DA:572,26
LF:213
LH:182
end_of_record
SF:lib/internal/blocs/bloc_factory.dart
DA:31,34
DA:33,25
DA:39,25
DA:46,8
DA:52,8
DA:59,8
DA:65,8
DA:72,25
DA:74,25
DA:85,0
DA:95,0
DA:101,0
DA:102,0
DA:109,0
DA:115,0
DA:116,0
DA:123,0
DA:129,0
DA:130,0
DA:137,0
DA:139,0
LF:21
LH:9
end_of_record
SF:lib/internal/blocs/zoom/zoom_bloc.dart
DA:20,9
DA:24,9
DA:25,18
DA:28,0
DA:29,0
DA:30,0
DA:31,0
DA:34,0
DA:35,0
DA:37,0
DA:38,0
DA:40,0
DA:41,0
DA:43,0
DA:44,0
DA:49,0
DA:56,0
DA:60,0
DA:62,0
DA:66,0
DA:67,0
DA:69,0
DA:70,0
DA:75,0
DA:76,0
DA:78,0
DA:80,0
DA:81,0
DA:83,0
DA:84,0
DA:87,0
DA:89,0
DA:90,0
DA:91,0
DA:96,0
DA:104,0
DA:106,0
DA:110,0
DA:111,0
DA:113,0
DA:114,0
DA:119,0
DA:120,0
DA:122,0
DA:124,0
DA:125,0
DA:127,0
DA:128,0
DA:131,0
DA:133,0
DA:134,0
DA:135,0
DA:140,0
DA:146,0
DA:147,0
DA:148,0
DA:150,0
DA:152,0
DA:154,0
DA:155,0
DA:157,0
DA:158,0
DA:161,0
DA:163,0
DA:168,0
DA:169,0
DA:170,0
DA:172,0
DA:173,0
DA:174,0
DA:179,0
DA:180,0
DA:181,0
DA:184,0
DA:185,0
DA:186,0
DA:187,0
DA:190,9
DA:192,9
DA:193,9
LF:80
LH:6
end_of_record
SF:lib/internal/blocs/pan/pan_bloc.dart
DA:15,9
DA:19,9
DA:20,18
DA:23,0
DA:24,0
DA:25,0
DA:26,0
DA:28,0
DA:29,0
DA:31,0
DA:32,0
DA:34,0
DA:35,0
DA:40,0
DA:45,0
DA:47,0
DA:49,0
DA:50,0
DA:52,0
DA:53,0
DA:56,0
DA:57,0
DA:62,0
DA:68,0
DA:70,0
DA:72,0
DA:74,0
DA:75,0
DA:77,0
DA:78,0
DA:81,0
DA:82,0
DA:87,0
DA:91,0
DA:93,0
DA:94,0
DA:96,0
DA:97,0
DA:100,0
DA:101,0
DA:102,0
DA:106,0
DA:107,0
LF:43
LH:3
end_of_record
SF:lib/internal/blocs/transform/transform_bloc.dart
DA:17,28
DA:21,28
DA:22,56
DA:26,27
DA:31,54
DA:32,54
DA:38,54
DA:49,13
DA:50,13
DA:54,13
DA:55,13
DA:56,13
DA:58,13
DA:60,13
DA:61,13
DA:63,26
DA:64,26
DA:77,52
DA:78,52
DA:79,39
DA:80,39
DA:85,12
DA:89,16
DA:91,24
DA:92,4
DA:93,4
DA:94,16
DA:95,12
DA:99,56
DA:104,12
DA:107,16
DA:109,24
DA:110,4
DA:111,4
DA:112,16
DA:113,12
DA:117,49
DA:121,26
DA:131,24
DA:133,36
DA:134,24
DA:135,1
DA:140,24
DA:142,36
DA:143,24
DA:144,3
DA:151,13
DA:152,30
DA:153,30
DA:157,13
DA:158,13
DA:160,13
DA:164,65
DA:165,35
DA:170,7
DA:172,8
DA:174,4
DA:175,4
DA:180,3
DA:181,3
DA:183,9
DA:185,3
DA:186,6
DA:187,3
DA:188,6
DA:190,9
DA:192,9
DA:193,0
DA:194,18
DA:196,18
DA:198,3
DA:205,6
DA:207,3
DA:208,3
DA:211,3
DA:212,3
DA:213,3
DA:218,28
DA:219,28
DA:220,4
DA:221,4
DA:223,3
DA:224,3
DA:225,3
DA:227,5
DA:228,5
DA:229,5
DA:231,0
DA:232,0
DA:233,0
DA:235,26
DA:236,26
DA:237,26
DA:242,4
DA:243,4
DA:246,16
DA:247,16
DA:248,12
DA:249,12
DA:251,4
DA:253,4
DA:254,4
DA:255,4
DA:256,8
DA:257,8
DA:259,4
DA:262,8
DA:264,4
DA:265,4
DA:269,3
DA:275,3
DA:276,3
DA:277,12
DA:278,12
DA:279,9
DA:280,9
DA:282,3
DA:284,3
DA:285,3
DA:287,6
DA:288,6
DA:293,6
DA:295,3
DA:296,3
DA:300,5
DA:305,5
DA:306,5
DA:308,5
DA:310,5
DA:311,5
DA:313,10
DA:314,10
DA:319,10
DA:321,5
DA:322,5
DA:326,0
DA:327,0
DA:331,0
DA:333,0
DA:334,0
DA:336,0
DA:337,0
DA:342,0
DA:344,0
DA:345,0
DA:349,26
DA:354,26
DA:356,26
DA:363,26
DA:364,26
DA:366,78
DA:367,78
DA:368,52
DA:369,52
DA:373,14
DA:378,28
DA:379,28
DA:389,2
DA:392,52
DA:399,0
DA:400,18
DA:402,28
DA:404,28
DA:405,28
DA:406,28
LF:165
LH:150
end_of_record
SF:lib/internal/blocs/event_management/event_management_bloc.dart
DA:22,81
DA:29,27
DA:31,27
DA:32,38
DA:33,11
DA:35,11
DA:36,11
DA:39,3
DA:40,3
DA:42,9
DA:43,9
DA:45,1
DA:46,1
DA:49,0
DA:50,0
DA:52,9
DA:53,9
DA:54,2
DA:55,10
DA:56,2
DA:62,11
DA:63,11
DA:66,11
DA:69,6
DA:72,3
DA:73,15
DA:81,11
DA:88,11
DA:92,11
DA:93,11
DA:95,22
DA:97,11
DA:102,22
DA:105,22
DA:108,11
DA:109,11
DA:110,22
DA:111,22
DA:115,11
DA:116,11
DA:121,11
DA:125,3
DA:132,3
DA:133,3
DA:137,9
DA:138,3
DA:141,6
DA:144,6
DA:145,3
DA:147,3
DA:148,3
DA:149,6
DA:150,6
DA:153,6
DA:154,3
DA:155,3
DA:160,6
DA:164,9
DA:169,9
DA:170,9
DA:172,9
DA:174,18
DA:175,9
DA:176,9
DA:177,9
DA:178,9
DA:179,9
DA:180,18
DA:184,9
DA:185,9
DA:190,18
DA:194,1
DA:201,1
DA:205,1
DA:206,1
DA:208,2
DA:215,2
DA:218,1
DA:219,1
DA:220,2
DA:221,2
DA:226,1
DA:231,1
DA:235,0
DA:242,0
DA:243,0
DA:245,0
DA:249,0
DA:250,0
DA:252,0
DA:253,0
DA:254,0
DA:255,0
DA:258,0
DA:259,0
DA:260,0
DA:265,0
DA:269,9
DA:274,9
DA:275,9
DA:277,0
DA:279,0
DA:280,0
DA:281,0
DA:282,0
DA:283,0
DA:284,0
DA:285,0
DA:290,0
DA:295,0
DA:299,1
DA:303,1
DA:307,1
DA:308,1
DA:310,2
DA:312,1
DA:316,2
DA:320,1
DA:321,1
DA:326,1
DA:328,1
DA:332,1
DA:336,5
DA:338,5
DA:342,5
DA:343,5
DA:344,5
DA:345,5
DA:346,5
DA:347,5
DA:348,5
DA:349,5
DA:352,15
DA:356,4
DA:357,4
DA:359,8
DA:365,8
DA:369,4
DA:370,4
DA:375,4
DA:381,4
DA:384,5
DA:385,3
DA:388,2
DA:389,1
DA:391,1
DA:394,1
DA:395,1
DA:401,1
DA:402,1
DA:406,4
DA:407,0
DA:410,0
DA:411,0
DA:413,0
DA:415,0
DA:416,0
DA:419,0
DA:422,0
DA:431,1
DA:432,1
DA:433,1
DA:437,44
DA:439,3
DA:440,3
DA:441,3
DA:442,2
DA:443,2
DA:447,11
DA:449,44
DA:450,33
DA:451,33
DA:452,33
DA:453,33
DA:457,2
DA:459,11
DA:461,11
DA:462,27
DA:467,11
DA:469,21
DA:470,45
DA:477,1
DA:482,11
DA:485,0
DA:490,0
DA:495,11
DA:496,22
DA:500,26
DA:505,26
DA:506,26
DA:507,26
DA:510,27
DA:512,54
DA:513,27
LF:194
LH:158
end_of_record
SF:lib/internal/blocs/debug/debug_bloc_observer.dart
DA:6,0
DA:8,0
DA:10,0
DA:11,0
LF:4
LH:0
end_of_record
